2022-06-15 19:53:55,731 [      5]   INFO - #c.i.i.StartupUtil - ------------------------------------------------------ IDE STARTED ------------------------------------------------------
2022-06-15 19:53:55,821 [     95]   INFO - #c.i.i.p.PluginManager - Using broken plugins file from IDE distribution
2022-06-15 19:53:55,849 [    123]   INFO - #c.i.i.StartupUtil - JNA library (64-bit) loaded in 64 ms
2022-06-15 19:53:55,986 [    260]   INFO - #c.i.i.StartupUtil - IDE: IntelliJ IDEA (build #IU-221.5080.210, 12 Apr 2022 11:32)
2022-06-15 19:53:55,988 [    262]   INFO - #c.i.i.StartupUtil - OS: Linux (5.10.117-1-manjaro, amd64)
2022-06-15 19:53:56,025 [    299]   INFO - #c.i.i.StartupUtil - JRE: 11.0.14.1+1-b2043.25 (JetBrains s.r.o.)
2022-06-15 19:53:56,027 [    301]   INFO - #c.i.i.StartupUtil - JVM: 11.0.14.1+1-b2043.25 (OpenJDK 64-Bit Server VM)
2022-06-15 19:53:56,118 [    392]   INFO - #c.i.i.StartupUtil - WM detected: i3, desktop: i3
2022-06-15 19:53:56,122 [    396]   INFO - #c.i.i.StartupUtil - JVM options: [-Didea.auto.reload.plugins=true, -Didea.classpath.index.enabled=false, -Didea.config.path=/home/sun/IDEAlu/nowcoder-editor/build/idea-sandbox/config, -Didea.is.internal=true, -Didea.plugins.path=/home/sun/IDEAlu/nowcoder-editor/build/idea-sandbox/plugins, -Didea.required.plugins.id=com.berserk-112.nowcoder-editor, -Didea.system.path=/home/sun/IDEAlu/nowcoder-editor/build/idea-sandbox/system, -Djava.system.class.loader=com.intellij.util.lang.PathClassLoader, -Djdk.module.illegalAccess.silent=true, -Dsun.awt.disablegrab=true, -agentlib:jdwp=transport=dt_socket,server=n,suspend=y,address=127.0.0.1:39007, -Xms256m, -Xmx512m, -Dfile.encoding=utf-8, -Duser.country=US, -Duser.language=en, -Duser.variant, -ea]
2022-06-15 19:53:56,123 [    397]   INFO - #c.i.i.StartupUtil - args: []
2022-06-15 19:53:56,125 [    399]   INFO - #c.i.i.StartupUtil - library path: /usr/java/packages/lib:/usr/lib64:/lib64:/lib:/usr/lib
2022-06-15 19:53:56,126 [    400]   INFO - #c.i.i.StartupUtil - boot library path: /home/sun/.gradle/caches/modules-2/files-2.1/com.jetbrains/jbre/jbr_jcef-11_0_14_1-linux-x64-b2043.25/extracted/jbr/lib
2022-06-15 19:53:56,192 [    466]   INFO - #c.i.i.StartupUtil - locale=en_US JNU=UTF-8 file.encoding=utf-8
  idea.config.path=/home/sun/IDEAlu/nowcoder-editor/build/idea-sandbox/config
  idea.system.path=/home/sun/IDEAlu/nowcoder-editor/build/idea-sandbox/system
  idea.plugins.path=/home/sun/IDEAlu/nowcoder-editor/build/idea-sandbox/plugins
  idea.log.path=/home/sun/IDEAlu/nowcoder-editor/build/idea-sandbox/system/log
2022-06-15 19:53:56,241 [    515]   INFO - #c.i.i.StartupUtil - CPU cores: 12; ForkJoinPool.commonPool: java.util.concurrent.ForkJoinPool@4a7c733d[Running, parallelism = 11, size = 7, active = 4, running = 4, steals = 3, tasks = 0, submissions = 0]; factory: com.intellij.concurrency.IdeaForkJoinWorkerThreadFactory@6a19019f
2022-06-15 19:53:56,603 [    877]   INFO - #c.i.i.p.PluginManager - Module intellij.haml/watcher is not enabled because dependency com.intellij.plugins.watcher is not available
Module intellij.recommenders.python is not enabled because dependency Pythonid is not available
Module intellij.protoeditor.python is not enabled because dependency com.intellij.modules.python is not available
Module intellij.protoeditor.go is not enabled because dependency org.jetbrains.plugins.go is not available
Module intellij.space.php is not enabled because dependency com.jetbrains.php is not available
Module intellij.webDeployment/phpStorm is not enabled because dependency com.intellij.modules.phpstorm is not available
Module intellij.less/watcher is not enabled because dependency com.intellij.plugins.watcher is not available
Module intellij.spring.jsf is not enabled because dependency com.intellij.jsf is not available
Module kotlin-ultimate.common-for-kotlin is not enabled because dependency com.intellij.nativeDebug is not available
Module kotlin-ultimate.ultimate-native is not enabled because dependency kotlin-ultimate.common-for-kotlin is not available
Module intellij.maven.ext/javaee-ejb is not enabled because dependency com.intellij.javaee.ejb is not available
Module intellij.thymeleaf/vue is not enabled because dependency org.jetbrains.plugins.vue is not available
2022-06-15 19:53:56,678 [    952]   INFO - #c.i.i.p.PluginManager - Loaded bundled plugins: IDEA CORE (221.5080.210), IDE Features Trainer (221.5080.210), Grazie (221.5080.210), Toml (221.5080.210), Settings Repository (221.5080.210), YAML (221.5080.210), WSL File System Support (221.5080.210), TextMate Bundles (221.5080.210), Terminal (221.5080.210), Haml (221.5080.210), Emoji Picker (221.5080.210), JetBrains maven model api classes (221.5080.210), JetBrains Repository Search (221.5080.210), Qodana (221.5080.210), EditorConfig (221.5080.210), WebP Support (221.5080.210), Recommenders for Java and Python (221.5080.210), Protocol Buffers (221.5080.210), Mercurial (221.5080.210), Space (221.5080.210), Shell Script (221.5080.210), Settings Sync (221.5080.210), Projector Libraries for Code With Me and Remote Development (221.5080.210), SSH Remote Run (221.5080.210), WSL Support Framework (221.5080.210), FTP/SFTP Connectivity (ex. Remote Hosts Access) (221.5080.210), Remote Development Gateway (221.5080.210), Terminal for Gateway (221.5080.210), Visual Studio Keymap (221.5080.210), NetBeans Keymap (221.5080.210), Eclipse Keymap (221.5080.210), Images (221.5080.210), HTTP Client (221.5080.210), Windows 10 Light Theme (221.5080.210), macOS Light Theme (221.5080.210), Dependency Management Api for External Build Tools (221.5080.210), Endpoints (221.5080.210), Diagrams (221.5080.210), Copyright (221.5080.210), Properties (221.5080.210), Gradle (221.5080.210), CSS (221.5080.210), Stylus (221.5080.210), Sass (221.5080.210), Less (221.5080.210), Configuration Script (221.5080.210), Machine Learning Code Completion (221.5080.210), Project Wide Analysis (221.5080.210), IDE Settings Sync (221.5080.210), Java (221.5080.210), Kotlin (221-1.6.20-release-285-IJ5080.210), Performance Testing (Kotlin) (221.5080.210), Java Bytecode Decompiler (221.5080.210), Eclipse Interoperability (221.5080.210), Java Stream Debugger (221.5080.210), Package Search (221.5080.210), com.intellij.tracing.ide (221.5080.210), JVM Microservices Frameworks (221.5080.210), Micronaut (221.5080.210), Java IDE Customization (221.5080.210), Java Internationalization (221.5080.210), Velocity (221.5080.210), UI Designer (221.5080.210), Spring Messaging (221.5080.210), Spring Boot (221.5080.210), Spring (221.5080.210), Jakarta EE: RESTful Web Services (JAX-RS) (221.5080.210), Spring WebSocket (221.5080.210), Spring Integration Patterns (221.5080.210), Spring Cloud (221.5080.210), Jakarta EE: WebSockets (221.5080.210), Jakarta EE: Expression Language (EL) (221.5080.210), Spring Security (221.5080.210), Jakarta EE Platform (221.5080.210), Quarkus (221.5080.210), Jakarta EE: Contexts and Dependency Injection (CDI) (221.5080.210), Dependency Structure Matrix (221.5080.210), AOP Pointcut Language (221.5080.210), Project Wide Analysis for Java (221.5080.210), Performance Testing (221.5080.210), Shared Indexes (221.5080.210), Spring Initializr (221.5080.210), Performance Testing (Dynamic Plugins) (221.5080.210), Performance Testing (Java) (221.5080.210), Smali Support (221.5080.210), ZKM-Unscramble (221.5080.210), XPathView + XSLT (221.5080.210), IntelliLang (221.5080.210), JavaFX (221.5080.210), Markdown (221.5080.210), Gherkin (221.5080.210), Jakarta EE: Web/Servlets (221.5080.210), gRPC (221.5080.210), Jakarta EE: Bean Validation (221.5080.210), Task Management (221.5080.210), Time Tracking (221.5080.210), XSLT Debugger (221.5080.210), W3C Validators (221.5080.210), TestNG (221.5080.210), Subversion (221.5080.210), Remote Development Server (221.5080.210), Refactor-X (221.5080.210), Perforce Helix Core (221.5080.210), Lombok (221.5080.210), JUnit (221.5080.210), Cucumber for Java (221.5080.210), HTML Tools (221.5080.210), GitHub (221.5080.210), Git (221.5080.210), IDE Features Trainer: Git Lessons (221.5080.210), Shared Project Indexes (221.5080.210), ChangeReminder (221.5080.210), Machine Learning in Search Everywhere (221.5080.210), Docker (221.5080.210), Code Coverage for Java (221.5080.210), Bytecode Viewer (221.5080.210), Groovy (221.5080.210), Ant (221.5080.210), Maven (221.5080.210), Gradle-Java (221.5080.210), Gradle-Maven (221.5080.210), Gradle Extension (221.5080.210), Performance Testing (Gradle) (221.5080.210), Reactive Streams (221.5080.210), Jakarta EE: Gradle Integration (221.5080.210), Maven Extension (221.5080.210), Performance Testing (Maven) (221.5080.210), Cucumber for Groovy (221.5080.210), Plugin DevKit (221.5080.210), OpenAPI Specifications (221.5080.210), Spring Web (221.5080.210), Thymeleaf (221.5080.210), JavaScript Debugger (221.5080.210), JavaScript and TypeScript (221.5080.210), TSLint (221.5080.210), Spy-js (221.5080.210), Persistence Frameworks (221.5080.210), Spring Data (221.5080.210), Jakarta EE: Persistence (JPA) (221.5080.210), Jakarta NoSQL (221.5080.210), Jakarta EE: Application Servers (221.5080.210), Integration Testing of Workspace Model (221.5080.210), Jakarta EE: Server Pages (JSP) (221.5080.210), Jakarta EE: Messaging (JMS) (221.5080.210), FreeMarker (221.5080.210), Tomcat and TomEE (221.5080.210), WildFly (221.5080.210), GlassFish (221.5080.210), Database Tools and SQL (221.5080.210), Hibernate (221.5080.210), Node.js (221.5080.210), Gradle DSL API (221.5080.210), Gradle Dependency Updater Implementation (221.5080.210), Package Checker (0.7.19), Android (2020.3.1 Final.221.5080.210), Code With Me (221.5080.210), Ktor (221.5080.210), Refactoring Detector (221.5080.210), JavaScript Intention Power Pack (221.5080.210), Angular and AngularJS (221.5080.210)
2022-06-15 19:53:56,680 [    954]   INFO - #c.i.i.p.PluginManager - Loaded custom plugins: Nowcoder Editor (8.1)
2022-06-15 19:53:57,298 [   1572]   INFO - #c.i.u.s.JBUIScale - System scale factor: 1.25 (IDE-managed HiDPI)
2022-06-15 19:53:58,166 [   2440]   INFO - #c.i.a.o.PathMacrosImpl - Loaded path macros: {MAVEN_REPOSITORY=/home/sun/.m2/repository}
2022-06-15 19:53:58,176 [   2450]   WARN - #c.i.i.DebugAttachDetector - Unable to start DebugAttachDetector, please add `--add-exports java.base/jdk.internal.vm=ALL-UNNAMED` to VM options
2022-06-15 19:53:58,224 [   2498]   INFO - #o.j.i.BuiltInServerManager - built-in server started, port 63343
2022-06-15 19:53:58,370 [   2644]   INFO - #c.i.d.JitWatcher - JIT compilation state checking enabled
2022-06-15 19:53:58,403 [   2677]   INFO - #c.i.u.i.FilePageCache - lower=100; upper=492; buffer=10; max=492
2022-06-15 19:53:58,534 [   2808]   INFO - #c.i.u.n.s.CertificateManager - Default SSL context initialized
2022-06-15 19:53:58,568 [   2842]   INFO - #c.i.o.v.n.p.PersistentFSConnector - Marking VFS as corrupted: '/home/sun/IDEAlu/nowcoder-editor/build/idea-sandbox/system/caches/names.dat' does not exist
2022-06-15 19:53:58,779 [   3053]   INFO - #c.i.h.u.LocalHistoryLog - local history version mismatch (was: 0, expected: 6), rebuilding...
2022-06-15 19:53:58,780 [   3054]   INFO - #c.i.h.u.LocalHistoryLog - FS has been rebuild, rebuilding local history...
2022-06-15 19:53:58,787 [   3061]   INFO - #c.i.c.CloudConfigManager - === Start: JBA_NOT_CONNECTED (0ms) ===
2022-06-15 19:53:58,817 [   3091]   INFO - #c.i.i.ApplicationLoader - Input method disabler: not gtk desktop: '' | 'i3'
2022-06-15 19:53:58,858 [   3132]   INFO - #c.i.o.a.Experiments - Experimental features enabled for user: wsl.p9.support, wsl.prefer.p9.support, wsl.p9.show.roots.in.file.chooser, wsl.execute.with.wsl.exe, linux.native.menu, recent.and.edited.files.together, show.create.new.element.in.popup, search.everywhere.mixed.results, new.project.wizard, editor.reader.mode, new.large.text.file.viewer, wsl.fsd.content.loader, terminal.shell.command.handling, reuse.target.paths.for.rsync
2022-06-15 19:53:58,928 [   3202]   INFO - #c.i.o.u.i.UpdateCheckerService - channel: release
2022-06-15 19:53:58,967 [   3241]   INFO - #c.i.c.CloudConfigManager - === Start.updateInitStatus ===
2022-06-15 19:53:58,993 [   3267]   INFO - #c.i.c.CloudConfigManager - === calculateInitStatus ===
2022-06-15 19:53:59,101 [   3375]   WARN - #c.i.n.i.NotificationGroupManagerImpl - Notification group CodeWithMe is already registered (group=com.intellij.notification.NotificationGroup@54cc9718). Plugin descriptor: PluginDescriptor(name=Code With Me, id=com.jetbrains.codeWithMe, descriptorPath=plugin.xml, path=~/.gradle/caches/modules-2/files-2.1/com.jetbrains.intellij.idea/ideaIU-2022.1/plugins/cwm-plugin, version=221.5080.210, package=null, isBundled=true)
2022-06-15 19:53:59,674 [   3948]   INFO - #c.i.u.i.FileBasedIndexImpl - Indexes are corrupted and will be rebuilt (reason = )
2022-06-15 19:53:59,696 [   3970]   INFO - #c.i.i.s.p.i.SharedIndexInfrastructure - Shared index version updated from -1 to 7
2022-06-15 19:53:59,706 [   3980]   INFO - #c.i.i.s.p.i.SharedIndexInfrastructure - Shared index persistent data has been cleared
2022-06-15 19:53:59,742 [   4016]   INFO - #c.i.i.s.p.i.SharedIndexMainZipStorage - Shared Indexes Storage is opened and empty
2022-06-15 19:53:59,856 [   4130]   INFO - #c.i.i.c.ETagCloudConfigFileClient - === Get cloud config URL: https://cloudconfig.jetbrains.com/cloudconfig/files ===
2022-06-15 19:54:00,095 [   4369]   INFO - #c.i.p.s.SerializationManagerImpl - Name storage is repaired
2022-06-15 19:54:00,132 [   4406]   INFO - #c.i.i.s.p.i.SharedIndexMainZipStorage - Shared Indexes Storage is opened and empty
2022-06-15 19:54:00,155 [   4429]   INFO - #c.i.i.s.p.i.SharedIndexInfrastructure - Shared index persistent data has been cleared
2022-06-15 19:54:00,379 [   4653]   INFO - #c.i.o.w.i.GlobalMenuLinux - Start glib main loop in thread: GlobalMenuLinux loop
2022-06-15 19:54:00,383 [   4657]   INFO - #c.i.o.w.i.GlobalMenuLinux - Closed dbus-service 'com.canonical.AppMenu.Registrar'
2022-06-15 19:54:00,723 [   4997]   INFO - #c.i.o.v.i.l.NativeFileWatcherImpl - Starting file watcher: /home/sun/.gradle/caches/modules-2/files-2.1/com.jetbrains.intellij.idea/ideaIU-2022.1/bin/linux/fsnotifier
2022-06-15 19:54:00,740 [   5014]   INFO - #c.i.o.v.i.l.NativeFileWatcherImpl - Native file watcher is operational.
2022-06-15 19:54:00,965 [   5239]   INFO - #c.i.c.CloudConfigManager - === calculateInitStatus.value: JBA_NOT_CONNECTED ===
2022-06-15 19:54:01,302 [   5576]   INFO - #c.i.i.p.DisabledPluginsState - Plugins to enable: [com.jetbrains.codeWithMe]
2022-06-15 19:54:01,335 [   5609]   INFO - #c.i.c.CloudConfigManager - === End.updateInitStatus ===
2022-06-15 19:54:02,465 [   6739]   INFO - #c.i.i.StartupUtil - notify that start-up thread is free
2022-06-15 19:54:02,790 [   7064]   INFO - #c.i.u.i.FileBasedIndexImpl - Indexes to be rebuilt after corruption:CssIndex(v = 35),ant-imports(v = 5),BindingXmlIndex(v = 8),DomFileIndex(v = 0),editorconfig.index.name(v = 5),java.auto.module.name(v = 5),CompassFunctionsIndex(v = 33),FilenameIndex(v = 258),TypeScriptExternalPathCandidates(v = 0),PluginIdDependenciesIndex(v = 5),http.request.headers.values.index(v = 4),http.request.execution.environment(v = 3),js.package.index(v = 12),Stubs(v = 46),org.jetbrains.kotlin.idea.vfilefinder.KlibMetaFileIndex(v = 4),java.source.module.name(v = 3),yaml.keys.name(v = 1),org.jetbrains.kotlin.idea.versions.KotlinJsMetadataVersionIndex(v = 3),HashFragmentIndex(v = 19115599),spring.autoConfigureMetadataIndex(v = 2),VtlFileIndex(v = 1),FtlFileIndex(v = 5),js.implicit.elements.index(v = -1696480387),java.cucumber.java8.step(v = 4097),org.jetbrains.kotlin.idea.vfilefinder.KotlinMetadataFilePackageIndex(v = 1),org.jetbrains.kotlin.idea.vfilefinder.KotlinMetadataFileIndex(v = 1),devkit.ExtensionPointClassIndex(v = 1),OpenapiSpecificationContentIndexer(v = 11),angularjs.ui.router.views.index(v = 65),TodoIndex(v = 4109),java.fun.expression(v = 4102),org.jetbrains.kotlin.idea.vfilefinder.KotlinStdlibIndex(v = 1),NavXmlIndex(v = 8),devkit.ExtensionPointIndex(v = 0),http.request.completion.host(v = 5),org.jetbrains.kotlin.idea.vfilefinder.KotlinClassFileIndex(v = 3),js.string.literal.words.index(v = 4),org.jetbrains.kotlin.idea.vfilefinder.KotlinPartialPackageNamesIndex(v = 3),javafx.custom.component(v = 2),java.binary.plus.expression(v = 4100),IdIndex(v = 4118),taglibUris(v = 7),SchemaTypeInheritance(v = 2),Trigram.Index(v = 4099),json.file.root.values(v = 5),org.jetbrains.kotlin.idea.vfilefinder.KotlinPackageSourcesMemberNamesIndex(v = 2),XmlTagNames(v = 1),org.jetbrains.kotlin.idea.versions.KotlinJvmMetadataVersionIndex(v = 5),HtmlTagIdIndex(v = 3),groovy.trait.methods(v = 32),groovy.cucumber.step(v = 6),MlModelFileIndex(v = 6),JavaFxControllerClassIndex(v = 1),javafx.stylesheets.name(v = 6),docker.compose.services(v = 1),com.intellij.uiDesigner.FormClassIndex(v = 0),SpringXmlBeansIndex(v = 595),angularjs.app.index(v = 65),org.jetbrains.kotlin.idea.vfilefinder.KotlinJvmModuleAnnotationsIndex(v = 1),org.jetbrains.kotlin.idea.vfilefinder.KotlinBuiltInsMetadataIndex(v = 1),filetypes(v = 258),XmlNamespaces(v = 8),sql.types.count.index(v = 0),RelaxSymbolIndex(v = 0),css.template.selectors(v = 30),XsltSymbolIndex(v = 0),bytecodeAnalysis(v = 4107),javafx.id.name(v = 3),org.jetbrains.kotlin.idea.vfilefinder.KotlinModuleMappingIndex(v = 5),FrameworkDetectionIndex(v = 65536),spring.spiFileIndex(v = 3),org.jetbrains.kotlin.idea.vfilefinder.KotlinJavaScriptMetaFileIndex(v = 4),http.request.name.index(v = 1),protoeditor.java.outer.class.index(v = 0),com.android.tools.idea.model.AndroidManifestIndex$Companion$NAME$1.NAME(v = 10),xmlProperties(v = 2),java.null.method.argument(v = 4097),html5.custom.attributes.index(v = 1),sql.routine.index(v = 1),IdeaPluginRegistrationIndex(v = 3),angularjs.template.cache(v = 65),LombokConfigIndex(v = 11),PluginIdModuleIndex(v = 2),js.test.names(v = 22),groovy.trait.fields(v = 5),js.custom.single.entry.index(v = -1326652611),fileIncludes(v = 6),HtmlScriptSrcIndex(v = 1)
2022-06-15 19:54:02,800 [   7074]   INFO - c.i.u.i.FileBasedIndexDataInitialization - Index data initialization done: 4158 ms. Initialized indexes: [FilenameIndex, FrameworkDetectionIndex, TodoIndex, IdIndex, filetypes, Stubs, Trigram.Index, fileIncludes, DomFileIndex, RelaxSymbolIndex, XmlTagNames, XmlNamespaces, html5.custom.attributes.index, SchemaTypeInheritance, json.file.root.values, HashFragmentIndex, yaml.keys.name, editorconfig.index.name, http.request.execution.environment, http.request.completion.host, http.request.headers.values.index, http.request.name.index, xmlProperties, CssIndex, css.template.selectors, CompassFunctionsIndex, bytecodeAnalysis, java.auto.module.name, java.source.module.name, java.null.method.argument, java.fun.expression, java.binary.plus.expression, org.jetbrains.kotlin.idea.versions.KotlinJvmMetadataVersionIndex, org.jetbrains.kotlin.idea.versions.KotlinJsMetadataVersionIndex, org.jetbrains.kotlin.idea.vfilefinder.KotlinPartialPackageNamesIndex, org.jetbrains.kotlin.idea.vfilefinder.KotlinClassFileIndex, org.jetbrains.kotlin.idea.vfilefinder.KotlinJavaScriptMetaFileIndex, org.jetbrains.kotlin.idea.vfilefinder.KotlinMetadataFileIndex, org.jetbrains.kotlin.idea.vfilefinder.KotlinMetadataFilePackageIndex, org.jetbrains.kotlin.idea.vfilefinder.KotlinModuleMappingIndex, org.jetbrains.kotlin.idea.vfilefinder.KotlinPackageSourcesMemberNamesIndex, org.jetbrains.kotlin.idea.vfilefinder.KotlinJvmModuleAnnotationsIndex, org.jetbrains.kotlin.idea.vfilefinder.KotlinBuiltInsMetadataIndex, org.jetbrains.kotlin.idea.vfilefinder.KotlinStdlibIndex, org.jetbrains.kotlin.idea.vfilefinder.KlibMetaFileIndex, protoeditor.java.outer.class.index, VtlFileIndex, com.intellij.uiDesigner.FormClassIndex, SpringXmlBeansIndex, spring.spiFileIndex, spring.autoConfigureMetadataIndex, XsltSymbolIndex, JavaFxControllerClassIndex, javafx.id.name, javafx.custom.component, javafx.stylesheets.name, groovy.trait.fields, groovy.trait.methods, LombokConfigIndex, java.cucumber.java8.step, HtmlTagIdIndex, docker.compose.services, ant-imports, groovy.cucumber.step, IdeaPluginRegistrationIndex, PluginIdModuleIndex, PluginIdDependenciesIndex, devkit.ExtensionPointIndex, devkit.ExtensionPointClassIndex, js.test.names, js.package.index, js.custom.single.entry.index, js.implicit.elements.index, js.string.literal.words.index, HtmlScriptSrcIndex, TypeScriptExternalPathCandidates, OpenapiSpecificationContentIndexer, sql.types.count.index, sql.routine.index, taglibUris, FtlFileIndex, com.android.tools.idea.model.AndroidManifestIndex$Companion$NAME$1.NAME, BindingXmlIndex, MlModelFileIndex, NavXmlIndex, angularjs.template.cache, angularjs.ui.router.views.index, angularjs.app.index].
2022-06-15 19:54:02,805 [   7079]   INFO - #c.a.t.i.u.SdkComponentSource - Downloading https://dl.google.com/android/repository/addons_list-4.xml
2022-06-15 19:54:03,276 [   7550]   INFO - #c.i.p.s.StubIndexImpl - Following stub indices will be built:JS.base.types.index(v = 3),angularjs.symbol.index(v = 65),es6.exported.index(v = 2),org.jetbrains.kotlin.idea.stubindex.KotlinExactPackagesIndex(v = 2),org.jetbrains.kotlin.idea.stubindex.KotlinTopLevelTypeAliasByPackageIndex(v = 2),angular2.metadata.className.index(v = 9),protobuf.byQualifiedName(v = 2),ts.external.module.index(v = 3),js.gcl.modules(v = 2),angular2.templateUrl.index(v = 9),java.class.fqn(v = 1),Css.custom.property(v = 2),sql.names(v = 21),properties.index(v = 2),angular2.metadata.pipe.index(v = 9),Scss.variable(v = 2),Css.class(v = 2),js.nonglobal.symbol.index(v = 2),angular2.source.module.index(v = 9),Less.mixins(v = 2),Scss.function(v = 2),org.jetbrains.kotlin.idea.stubindex.KotlinTopLevelPropertyByPackageIndex(v = 2),java.anonymous.baseref(v = 2),org.jetbrains.kotlin.idea.stubindex.KotlinExtensionsInObjectsByReceiverTypeIndex(v = 2),org.jetbrains.kotlin.idea.stubindex.KotlinPropertyShortNameIndex(v = 2),JS.framework.markers.index(v = 2),angular2.metadata.function.index(v = 9),org.jetbrains.kotlin.idea.stubindex.KotlinProbablyContractedFunctionShortNameIndex(v = 2),org.jetbrains.kotlin.idea.stubindex.KotlinOverridableInternalMembersShortNameIndex(v = 2),org.jetbrains.kotlin.idea.stubindex.KotlinTopLevelFunctionFqnNameIndex(v = 2),org.jetbrains.kotlin.idea.stubindex.KotlinProbablyNothingFunctionShortNameIndex(v = 2),java.field.name(v = 2),org.jetbrains.kotlin.idea.stubindex.KotlinTopLevelPropertyFqnNameIndex(v = 2),js.symbol.qualified.names.index(v = 1),gr.script.class(v = 5),java.module.name(v = 4),java.class.extlist(v = 3),org.jetbrains.kotlin.idea.stubindex.KotlinFileFacadeFqNameIndex(v = 2),JS.subclass.stub.index(v = 2),angularjs.module.index(v = 65),org.jetbrains.kotlin.idea.stubindex.KotlinTopLevelTypeAliasFqNameIndex(v = 2),org.jetbrains.kotlin.idea.stubindex.KotlinFullClassNameIndex(v = 2),angular2.source.directive.index(v = 9),angular2.ivy.module.index(v = 9),java.class.shortname(v = 4),Stylus.variables(v = 2),gr.field.name(v = 5),org.jetbrains.kotlin.idea.stubindex.KotlinMultifileClassPartIndex(v = 2),es6.assignment.index(v = 2),org.jetbrains.kotlin.idea.stubindex.KotlinTypeAliasByExpansionShortNameIndex(v = 2),org.jetbrains.kotlin.idea.stubindex.KotlinTopLevelClassByPackageIndex(v = 2),org.jetbrains.kotlin.idea.stubindex.KotlinTopLevelExtensionsByReceiverTypeIndex(v = 3),js.global.symbol.index(v = 2),angularjs.generic.modules.index(v = 65),angularjs.delimiter.index(v = 65),jvm.static.member.name(v = 2),org.jetbrains.kotlin.idea.stubindex.KotlinTypeAliasShortNameIndex(v = 2),gr.class.super(v = 5),js.amd.modules(v = 2),Css.attr(v = 2),js.element.qualifiedName(v = 3),org.jetbrains.kotlin.idea.stubindex.KotlinTopLevelFunctionByPackageIndex(v = 2),angularjs.ui.router.states.index(v = 65),org.jetbrains.kotlin.idea.stubindex.KotlinClassShortNameIndex(v = 2),org.jetbrains.kotlin.idea.stubindex.KotlinFileFacadeShortNameIndex(v = 2),js.generics.index(v = 2),Stylus.mixins(v = 2),js.imported.bindings.index(v = 2),JS.global.qualified.elements(v = 3),angular2.ivy.pipe.index(v = 9),gr.annot.method.name(v = 5),markdown.header(v = 2),jvm.static.member.type(v = 2),gr.anonymous.class(v = 6),js.used.remote.modules(v = 2),java.annotations(v = 2),angularjs.directives.index(v = 65),java.method.parameter.types(v = 3),Css.custom.mixin(v = 2),Css.ampersand.selector(v = 2),gr.annot.members(v = 5),org.jetbrains.kotlin.idea.stubindex.KotlinScriptFqnIndex(v = 2),JS.class.implements(v = 3),ts.embedded.content.index(v = 2),Less.variables(v = 2),js.qualified.shortName(v = 4),gr.script.fqn(v = 5),org.jetbrains.kotlin.idea.stubindex.KotlinSubclassObjectNameIndex(v = 2),org.jetbrains.kotlin.idea.stubindex.KotlinFunctionShortNameIndex(v = 2),Scss.mixin(v = 2),org.jetbrains.kotlin.idea.stubindex.KotlinProbablyNothingPropertyShortNameIndex(v = 2),js.namespace.index(v = 2),angularjs.controller.index(v = 65),angular2.metadata.directive.index(v = 9),org.jetbrains.kotlin.idea.stubindex.KotlinSuperClassIndex(v = 2),org.jetbrains.kotlin.idea.stubindex.KotlinAnnotationsIndex(v = 3),Scss.placeholder.selector(v = 2),dom.elementClass(v = 0),sql.column.name(v = 3),js.typedef.index2(v = 2),org.jetbrains.kotlin.idea.stubindex.KotlinJvmNameAnnotationIndex(v = 2),ts.local.classes(v = 2),js.doc.modules(v = 2),angular2.metadata.module.index(v = 9),js.lazy.packages(v = 3),angular2.source.pipe.index(v = 9),js.class.index2(v = 3),angular2.ivy.directive.index(v = 9),sql.table.shortName(v = 3),amd.requirePaths.index(v = 2),angularjs.templateUrl.index(v = 65),js.export.default.react.component.index(v = 2),angularjs.ui.router.generic.states.index(v = 65),gr.class.fqn(v = 4),java.method.name(v = 2),org.jetbrains.kotlin.idea.stubindex.KotlinFilePartClassIndex(v = 2),org.jetbrains.kotlin.idea.stubindex.KotlinInnerTypeAliasClassIdIndex(v = 2),Css.id(v = 2),gr.method.name(v = 5),js.exported.index(v = 2),angularjs.directives.doc.index(v = 65),amd.baseUrl.index(v = 2),angularjs.filter.index(v = 65),js.symbol.index2(v = 6),protobuf.byShortName(v = 2),org.jetbrains.kotlin.idea.stubindex.KotlinFileFacadeClassByPackageIndex(v = 2),JS.class.super(v = 5),dom.namespaceKey(v = 1),js.local.namespace.members.index(v = 2),angular2.metadata.node.index(v = 9),kotlin.primeIndexKey(v = 2)
2022-06-15 19:54:03,278 [   7552]   INFO - c.i.p.s.StubIndexImpl$StubIndexInitialization - Index data initialization done: 478 ms. Initialized stub indexes: {gr.script.fqn, JS.global.qualified.elements, ts.external.module.index, js.class.index2, angular2.ivy.directive.index, angularjs.module.index, angular2.templateUrl.index, Css.attr, js.doc.modules, angularjs.ui.router.generic.states.index, dom.namespaceKey, org.jetbrains.kotlin.idea.stubindex.KotlinTypeAliasByExpansionShortNameIndex, js.qualified.shortName, JS.class.super, org.jetbrains.kotlin.idea.stubindex.KotlinJvmNameAnnotationIndex, org.jetbrains.kotlin.idea.stubindex.KotlinTypeAliasShortNameIndex, properties.index, java.class.extlist, org.jetbrains.kotlin.idea.stubindex.KotlinTopLevelPropertyFqnNameIndex, es6.assignment.index, org.jetbrains.kotlin.idea.stubindex.KotlinFilePartClassIndex, org.jetbrains.kotlin.idea.stubindex.KotlinTopLevelPropertyByPackageIndex, java.class.fqn, angular2.ivy.module.index, org.jetbrains.kotlin.idea.stubindex.KotlinProbablyContractedFunctionShortNameIndex, dom.elementClass, angular2.metadata.directive.index, org.jetbrains.kotlin.idea.stubindex.KotlinPropertyShortNameIndex, js.export.default.react.component.index, org.jetbrains.kotlin.idea.stubindex.KotlinFileFacadeShortNameIndex, Scss.placeholder.selector, angularjs.generic.modules.index, angularjs.delimiter.index, js.imported.bindings.index, org.jetbrains.kotlin.idea.stubindex.KotlinMultifileClassPartIndex, gr.annot.method.name, org.jetbrains.kotlin.idea.stubindex.KotlinTopLevelFunctionFqnNameIndex, js.element.qualifiedName, Scss.variable, protobuf.byQualifiedName, jvm.static.member.type, org.jetbrains.kotlin.idea.stubindex.KotlinTopLevelClassByPackageIndex, angularjs.controller.index, js.used.remote.modules, org.jetbrains.kotlin.idea.stubindex.KotlinProbablyNothingPropertyShortNameIndex, gr.script.class, angular2.metadata.module.index, java.method.parameter.types, java.method.name, org.jetbrains.kotlin.idea.stubindex.KotlinExactPackagesIndex, angular2.source.directive.index, js.nonglobal.symbol.index, org.jetbrains.kotlin.idea.stubindex.KotlinTopLevelFunctionByPackageIndex, org.jetbrains.kotlin.idea.stubindex.KotlinTopLevelTypeAliasFqNameIndex, jvm.static.member.name, protobuf.byShortName, org.jetbrains.kotlin.idea.stubindex.KotlinAnnotationsIndex, java.annotations, gr.class.fqn, js.namespace.index, kotlin.primeIndexKey, angular2.metadata.function.index, angularjs.ui.router.states.index, markdown.header, org.jetbrains.kotlin.idea.stubindex.KotlinTopLevelTypeAliasByPackageIndex, JS.base.types.index, js.global.symbol.index, angular2.metadata.className.index, angularjs.symbol.index, amd.requirePaths.index, Stylus.variables, angularjs.directives.index, angularjs.filter.index, js.lazy.packages, Less.mixins, org.jetbrains.kotlin.idea.stubindex.KotlinFileFacadeClassByPackageIndex, Stylus.mixins, Less.variables, java.class.shortname, Css.custom.mixin, java.anonymous.baseref, angular2.metadata.node.index, angular2.metadata.pipe.index, org.jetbrains.kotlin.idea.stubindex.KotlinOverridableInternalMembersShortNameIndex, org.jetbrains.kotlin.idea.stubindex.KotlinFunctionShortNameIndex, org.jetbrains.kotlin.idea.stubindex.KotlinInnerTypeAliasClassIdIndex, angular2.source.module.index, gr.annot.members, gr.anonymous.class, sql.column.name, org.jetbrains.kotlin.idea.stubindex.KotlinClassShortNameIndex, ts.embedded.content.index, java.field.name, org.jetbrains.kotlin.idea.stubindex.KotlinScriptFqnIndex, js.symbol.index2, js.generics.index, org.jetbrains.kotlin.idea.stubindex.KotlinTopLevelExtensionsByReceiverTypeIndex, org.jetbrains.kotlin.idea.stubindex.KotlinSubclassObjectNameIndex, JS.class.implements, sql.table.shortName, sql.names, org.jetbrains.kotlin.idea.stubindex.KotlinProbablyNothingFunctionShortNameIndex, org.jetbrains.kotlin.idea.stubindex.KotlinFileFacadeFqNameIndex, Scss.mixin, es6.exported.index, Css.ampersand.selector, js.typedef.index2, angularjs.directives.doc.index, org.jetbrains.kotlin.idea.stubindex.KotlinFullClassNameIndex, ts.local.classes, angular2.ivy.pipe.index, angular2.source.pipe.index, Css.class, amd.baseUrl.index, org.jetbrains.kotlin.idea.stubindex.KotlinExtensionsInObjectsByReceiverTypeIndex, org.jetbrains.kotlin.idea.stubindex.KotlinSuperClassIndex, js.gcl.modules, gr.method.name, java.module.name, JS.subclass.stub.index, JS.framework.markers.index, js.symbol.qualified.names.index, angularjs.templateUrl.index, js.exported.index, gr.class.super, Scss.function, gr.field.name, Css.id, js.amd.modules, Css.custom.property, js.local.namespace.members.index}.
2022-06-15 19:54:07,443 [  11717]   INFO - #c.j.r.f.FollowMeManager - Register new user 0:'sun' with ClientId=ClientId(value=Host)
2022-06-15 19:54:12,825 [  17099]   INFO - #c.a.t.i.u.SdkComponentSource - IOException: https://dl.google.com/android/repository/addons_list-4.xml
2022-06-15 19:54:12,828 [  17102]   INFO - #c.a.t.i.u.SdkComponentSource - java.net.SocketTimeoutException: connect timed out
2022-06-15 19:54:12,829 [  17103]   INFO - #c.a.t.i.u.SdkComponentSource - Downloading https://dl.google.com/android/repository/addons_list-3.xml
2022-06-15 19:54:19,073 [  23347]   INFO - #c.i.p.i.a.w.LegacyBridgeArtifactManagerRedefiner - Using workspace model to open project
2022-06-15 19:54:19,174 [  23448]   INFO - #c.j.r.p.c.t.i.DistributedTestHost - Host address=localhost/127.0.0.1
2022-06-15 19:54:19,178 [  23452]   INFO - #c.i.w.i.i.l.m.ModuleBridgeLoaderService - Workspace model loaded without cache. Loading real project state into workspace model. Thread[JobScheduler FJ pool 7/11,4,main]
2022-06-15 19:54:19,262 [  23536]   INFO - STDOUT - Info  | RdCoroutineScope          | 23:JobScheduler FJ pool 5/11 | RdCoroutineHost overridden 
2022-06-15 19:54:19,305 [  23579]   INFO - #c.i.o.w.i.GlobalMenuLinux - created instance of GlobalMenuLinux for xid=0x100011e
2022-06-15 19:54:19,351 [  23625]   INFO - #c.i.o.v.i.p.NewMappings - VCS Root: [Git] - [/home/sun/IDEAlu]
2022-06-15 19:54:19,397 [  23671]   INFO - #c.j.r.p.c.x.P - sessionStatus: null
2022-06-15 19:54:19,400 [  23674]   INFO - #c.j.r.p.c.x.P - freeSessionRemainingTimeMs: null null
2022-06-15 19:54:19,445 [  23719]   INFO - #c.i.o.w.StatusBar - Factory is not registered as `com.intellij.statusBarWidgetFactory` extension: com.intellij.openapi.vcs.changes.committed.IncomingChangesIndicatorFactory
2022-06-15 19:54:19,632 [  23906]   WARN - #c.i.p.i.s.DefaultConfigurator - Bundled proto files directory is not found in local file system or is not accessible
2022-06-15 19:54:19,719 [  23993]   INFO - #c.i.i.n.e.NewToolbarRootPaneExtension - Show old main toolbar: false; show old navigation bar: true
2022-06-15 19:54:19,719 [  23993]   INFO - #c.i.i.n.e.NewToolbarRootPaneExtension - Show new main toolbar: false
2022-06-15 19:54:19,723 [  23997]   INFO - #c.i.o.w.StatusBar - Factory is not registered as `com.intellij.statusBarWidgetFactory` extension: git4idea.ui.branch.GitBranchWidget$Factory
2022-06-15 19:54:19,774 [  24048]   INFO - #c.i.p.c.ProjectCodeStyleSettingsManager - Initialized from default code style settings.
2022-06-15 19:54:20,028 [  24302]   INFO - PerformancePlugin - Performance Plugin is in silent mode
2022-06-15 19:54:20,131 [  24405]   INFO - #c.j.r.f.FollowMeManager - Register new user 0:'sun' with ClientId=ClientId(value=Host)
2022-06-15 19:54:20,264 [  24538]   INFO - #c.i.o.e.s.p.m.ExternalProjectsDataStorage - Load external projects data in 5 millis (read time: 2)
2022-06-15 19:54:20,286 [  24560]   INFO - #g.c.GitHandler - [.] git version
2022-06-15 19:54:20,307 [  24581]   INFO - #g.c.GitHandler - git version 2.36.1
2022-06-15 19:54:20,333 [  24607]   INFO - #g.c.GitExecutableManager - Git version for /usr/bin/git: 2.36.1.0 (UNIX)
2022-06-15 19:54:20,418 [  24692]   INFO - #c.i.l.t.l.TypeScriptLibraryProviderImpl - Start refreshing typescript libraries
2022-06-15 19:54:21,253 [  25527]   WARN - #g.r.GitUntrackedFilesHolder - Ignoring unversioned file under another root: /home/sun/IDEAlu/SpringV4/Chapter_06/tiles/src/main/webapp/resources/.DS_Store; root: /home/sun/IDEAlu; mapped root: null
2022-06-15 19:54:21,262 [  25536]   WARN - #g.r.GitUntrackedFilesHolder - Ignoring unversioned file under another root: /home/sun/IDEAlu/SpringV4/Chapter_09/thymeleaf/src/main/webapp/WEB-INF/.DS_Store; root: /home/sun/IDEAlu; mapped root: null
2022-06-15 19:54:21,275 [  25549]   WARN - #g.r.GitUntrackedFilesHolder - Ignoring unversioned file under another root: /home/sun/IDEAlu/SpringV4/Chapter_06/thymeleaf/src/main/webapp/WEB-INF/.DS_Store; root: /home/sun/IDEAlu; mapped root: null
2022-06-15 19:54:21,297 [  25571]   INFO - #c.i.c.StatusBarInfoManager - === StatusBar.start create ===
2022-06-15 19:54:21,426 [  25700]   INFO - #c.i.o.p.DumbServiceGuiTaskQueue - Running dumb mode task: OnDiskSharedIndexChunkLocator
2022-06-15 19:54:21,448 [  25722]   INFO - #c.i.o.p.DumbServiceGuiTaskQueue - Running dumb mode task: UnindexedFilesUpdater[Nowcoder]
2022-06-15 19:54:21,460 [  25734]   INFO - #c.i.o.p.i.j.JdkAuto - Looking for a local SDK for JDK with name MissingSdkInfo(mySdkName=18, mySdkType=JavaSDK)
2022-06-15 19:54:22,086 [  26360]   INFO - #c.i.u.i.UnindexedFilesUpdater - Started indexing of Nowcoder. Reason: On project open
2022-06-15 19:54:22,097 [  26371]   INFO - #c.i.u.i.UnindexedFilesUpdater - Performing delayed pushing properties tasks for Nowcoder took 3ms; general responsiveness: ok; EDT responsiveness: ok
2022-06-15 19:54:22,133 [  26407]   INFO - #c.i.u.i.UnindexedFilesUpdater - Scanning of Nowcoder uses 11 scanning threads
2022-06-15 19:54:22,221 [  26495]   INFO - #c.i.d.u.SqlDialects - SQL dialects initialized in 1 ms
2022-06-15 19:54:22,848 [  27122]   INFO - #c.a.t.i.u.SdkComponentSource - IOException: https://dl.google.com/android/repository/addons_list-3.xml
2022-06-15 19:54:22,848 [  27122]   INFO - #c.a.t.i.u.SdkComponentSource - java.net.SocketTimeoutException: connect timed out
2022-06-15 19:54:22,850 [  27124]   INFO - #c.a.t.i.u.SdkComponentSource - Downloading https://dl.google.com/android/repository/addons_list-2.xml
2022-06-15 19:54:23,116 [  27390]   INFO - #c.i.u.i.RootChangesLogger - New rootsChanged event for "Nowcoder" project with full rescanning with trace_hash = -1175146564:
java.lang.Throwable
	at com.intellij.util.indexing.RootChangesLogger.info(RootChangesLogger.java:27)
	at com.intellij.util.indexing.EntityIndexingServiceImpl.logRootChanges(EntityIndexingServiceImpl.java:99)
	at com.intellij.util.indexing.EntityIndexingServiceImpl.runFullReindex(EntityIndexingServiceImpl.java:84)
	at com.intellij.util.indexing.EntityIndexingServiceImpl.indexChanges(EntityIndexingServiceImpl.java:46)
	at com.intellij.openapi.roots.impl.ProjectRootManagerComponent.synchronizeRoots(ProjectRootManagerComponent.java:298)
	at com.intellij.openapi.roots.impl.ProjectRootManagerComponent.fireRootsChangedEvent(ProjectRootManagerComponent.java:211)
	at com.intellij.openapi.roots.impl.ProjectRootManagerImpl.fireRootsChanged(ProjectRootManagerImpl.java:465)
	at com.intellij.openapi.roots.impl.ProjectRootManagerImpl$1.fireRootsChanged(ProjectRootManagerImpl.java:139)
	at com.intellij.openapi.roots.impl.ProjectRootManagerImpl$1.fireRootsChanged(ProjectRootManagerImpl.java:136)
	at com.intellij.openapi.roots.impl.ProjectRootManagerImpl$BatchSession.rootsChanged(ProjectRootManagerImpl.java:108)
	at com.intellij.openapi.roots.impl.ProjectRootManagerImpl$BatchSession.rootsChanged(ProjectRootManagerImpl.java:116)
	at com.intellij.openapi.roots.impl.ProjectRootManagerImpl.makeRootsChange(ProjectRootManagerImpl.java:437)
	at com.intellij.workspaceModel.ide.impl.legacyBridge.project.ProjectRootManagerBridge.fireRootsChanged(ProjectRootManagerBridge.kt:156)
	at com.intellij.workspaceModel.ide.impl.legacyBridge.project.ProjectRootManagerBridge.access$fireRootsChanged(ProjectRootManagerBridge.kt:30)
	at com.intellij.workspaceModel.ide.impl.legacyBridge.project.ProjectRootManagerBridge$JdkChangeListener.jdkAdded(ProjectRootManagerBridge.kt:249)
	at com.intellij.util.messages.impl.MessageBusImpl.invokeMethod(MessageBusImpl.java:642)
	at com.intellij.util.messages.impl.MessageBusImpl.invokeListener(MessageBusImpl.java:621)
	at com.intellij.util.messages.impl.MessageBusImpl.deliverMessage(MessageBusImpl.java:417)
	at com.intellij.util.messages.impl.MessageBusImpl.pumpWaitingBuses(MessageBusImpl.java:391)
	at com.intellij.util.messages.impl.MessageBusImpl.pumpMessages(MessageBusImpl.java:373)
	at com.intellij.util.messages.impl.MessageBusImpl.access$200(MessageBusImpl.java:34)
	at com.intellij.util.messages.impl.MessageBusImpl$MessagePublisher.invoke(MessageBusImpl.java:180)
	at com.sun.proxy.$Proxy128.jdkAdded(Unknown Source)
	at com.intellij.openapi.projectRoots.impl.ProjectJdkTableImpl.addJdk(ProjectJdkTableImpl.java:247)
	at com.intellij.openapi.projectRoots.impl.UnknownMissingSdkFix.lambda$registerNewSdkInJdkTable$2(UnknownMissingSdkFix.java:130)
	at com.intellij.openapi.application.WriteAction.lambda$run$1(WriteAction.java:86)
	at com.intellij.openapi.application.impl.ApplicationImpl.runWriteActionWithClass(ApplicationImpl.java:1003)
	at com.intellij.openapi.application.impl.ApplicationImpl.runWriteAction(ApplicationImpl.java:1029)
	at com.intellij.openapi.application.WriteAction.run(WriteAction.java:85)
	at com.intellij.openapi.projectRoots.impl.UnknownMissingSdkFix.registerNewSdkInJdkTable(UnknownMissingSdkFix.java:117)
	at com.intellij.openapi.projectRoots.impl.UnknownMissingSdkFixLocal.applyLocalFix(UnknownMissingSdkFixLocal.java:99)
	at com.intellij.openapi.projectRoots.impl.UnknownSdkFixActionLocalBase.runWithEvents(UnknownSdkFixActionLocalBase.java:33)
	at com.intellij.openapi.projectRoots.impl.UnknownSdkFixActionLocalBase.lambda$applySuggestionBlocking$0(UnknownSdkFixActionLocalBase.java:76)
	at com.intellij.openapi.application.TransactionGuardImpl.runWithWritingAllowed(TransactionGuardImpl.java:215)
	at com.intellij.openapi.application.TransactionGuardImpl.access$100(TransactionGuardImpl.java:22)
	at com.intellij.openapi.application.TransactionGuardImpl$1.run(TransactionGuardImpl.java:197)
	at com.intellij.openapi.application.impl.ApplicationImpl.runIntendedWriteActionOnCurrentThread(ApplicationImpl.java:873)
	at com.intellij.openapi.application.impl.ApplicationImpl$3.run(ApplicationImpl.java:511)
	at com.intellij.openapi.application.impl.LaterInvocator$1.run(LaterInvocator.java:96)
	at com.intellij.openapi.application.impl.FlushQueue.doRun(FlushQueue.java:69)
	at com.intellij.openapi.application.impl.FlushQueue.runNextEvent(FlushQueue.java:112)
	at com.intellij.openapi.application.impl.FlushQueue.flushNow(FlushQueue.java:42)
	at java.desktop/java.awt.event.InvocationEvent.dispatch(InvocationEvent.java:313)
	at java.desktop/java.awt.EventQueue.dispatchEventImpl(EventQueue.java:776)
	at java.desktop/java.awt.EventQueue$4.run(EventQueue.java:727)
	at java.desktop/java.awt.EventQueue$4.run(EventQueue.java:721)
	at java.base/java.security.AccessController.doPrivileged(Native Method)
	at java.base/java.security.ProtectionDomain$JavaSecurityAccessImpl.doIntersectionPrivilege(ProtectionDomain.java:85)
	at java.desktop/java.awt.EventQueue.dispatchEvent(EventQueue.java:746)
	at com.intellij.ide.IdeEventQueue.defaultDispatchEvent(IdeEventQueue.java:898)
	at com.intellij.ide.IdeEventQueue._dispatchEvent(IdeEventQueue.java:746)
	at com.intellij.ide.IdeEventQueue.lambda$dispatchEvent$6(IdeEventQueue.java:439)
	at com.intellij.openapi.progress.impl.CoreProgressManager.computePrioritized(CoreProgressManager.java:803)
	at com.intellij.ide.IdeEventQueue.lambda$dispatchEvent$7(IdeEventQueue.java:438)
	at com.intellij.openapi.application.TransactionGuardImpl.performActivity(TransactionGuardImpl.java:106)
	at com.intellij.ide.IdeEventQueue.performActivity(IdeEventQueue.java:604)
	at com.intellij.ide.IdeEventQueue.lambda$dispatchEvent$8(IdeEventQueue.java:436)
	at com.intellij.openapi.application.impl.ApplicationImpl.runIntendedWriteActionOnCurrentThread(ApplicationImpl.java:873)
	at com.intellij.ide.IdeEventQueue.dispatchEvent(IdeEventQueue.java:484)
	at java.desktop/java.awt.EventDispatchThread.pumpOneEventForFilters(EventDispatchThread.java:207)
	at java.desktop/java.awt.EventDispatchThread.pumpEventsForFilter(EventDispatchThread.java:128)
	at java.desktop/java.awt.EventDispatchThread.pumpEventsForHierarchy(EventDispatchThread.java:117)
	at java.desktop/java.awt.EventDispatchThread.pumpEvents(EventDispatchThread.java:113)
	at java.desktop/java.awt.EventDispatchThread.pumpEvents(EventDispatchThread.java:105)
	at java.desktop/java.awt.EventDispatchThread.run(EventDispatchThread.java:92)

2022-06-15 19:54:23,116 [  27390]   INFO - #c.i.o.p.DumbServiceImpl - cancel UnindexedFilesUpdater[Nowcoder]
2022-06-15 19:54:23,117 [  27391]   INFO - #c.i.o.p.i.UnknownMissingSdkFixLocal - Automatically set Sdk MissingSdkInfo(mySdkName=18, mySdkType=JavaSDK) to /usr/lib/jvm/java-18-openjdk
2022-06-15 19:54:23,119 [  27393]   INFO - #c.i.u.i.UnindexedFilesUpdater - Cancelled indexing of Nowcoder
2022-06-15 19:54:23,133 [  27407]   INFO - #c.i.o.p.DumbServiceGuiTaskQueue - Running dumb mode task: UnindexedFilesUpdater[Nowcoder]
2022-06-15 19:54:23,157 [  27431]   INFO - #c.i.u.i.UnindexedFilesUpdater - Started indexing of Nowcoder. Reason: Reindex requested by project root model changes
2022-06-15 19:54:23,159 [  27433]   INFO - #c.i.u.i.UnindexedFilesUpdater - Performing delayed pushing properties tasks for Nowcoder took 1ms; general responsiveness: ok; EDT responsiveness: ok
2022-06-15 19:54:23,197 [  27471]   INFO - #c.i.u.i.UnindexedFilesUpdater - Scanning of Nowcoder uses 11 scanning threads
2022-06-15 19:54:23,318 [  27592]   INFO - #c.i.l.t.l.TypeScriptLibraryProviderImpl - End refreshing typescript libraries
2022-06-15 19:54:23,657 [  27931]   INFO - #c.i.c.ComponentStoreImpl - Saving appFileTypeManager took 21 ms
2022-06-15 19:54:25,464 [  29738]   INFO - #c.i.i.s.p.i.SharedIndexChunkConfigurationImpl - Chunk bundled-js-predefined-ffdd448c697d-504ef523a7eb-JavaScript-IU-221.5080.210 is registered for project 'Nowcoder: matching: (fb=36, stub=77), incompatible: (fb=0, stub=0), unknown: (fb=9, stub=9), 
2022-06-15 19:54:25,566 [  29840]   INFO - #c.i.o.a.i.PopupMenuPreloader - Popup menu 'Edit' preloaded at 'MainMenu' in 311 ms
2022-06-15 19:54:25,623 [  29897]   INFO - #c.i.o.a.i.PopupMenuPreloader - Popup menu 'File' preloaded at 'MainMenu' in 375 ms
2022-06-15 19:54:25,731 [  30005]   INFO - #c.i.i.s.p.i.BundledSharedIndexPostStartupActivity - Attached 1 pre-built shared indexes: bundled-js-predefined-ffdd448c697d-504ef523a7eb-JavaScript-IU-221.5080.210
2022-06-15 19:54:25,748 [  30022]   INFO - #c.i.o.a.i.PopupMenuPreloader - Popup menu 'View' preloaded at 'MainMenu' in 496 ms
2022-06-15 19:54:26,744 [  31018]   INFO - #c.i.i.s.IdeStartupScripts - 0 startup script(s) found
2022-06-15 19:54:27,307 [  31581]   INFO - #c.i.o.a.i.PopupMenuPreloader - Popup menu 'Navigate' preloaded at 'MainMenu' in 55 ms
2022-06-15 19:54:27,371 [  31645]   INFO - #c.i.i.b.BookmarksManager - no state loaded for new bookmarks
2022-06-15 19:54:27,378 [  31652]   INFO - #c.i.i.b.BookmarkManager - no state loaded for old bookmarks
2022-06-15 19:54:27,390 [  31664]   INFO - #c.i.i.f.FavoritesManager - no state loaded for old favorites
2022-06-15 19:54:27,518 [  31792]   INFO - #c.i.d.PerformanceWatcherImpl - Post-startup activities under progress took 7451ms; general responsiveness: ok; EDT responsiveness: 0/7 sluggish, 2/7 very slow
2022-06-15 19:54:27,535 [  31809]   INFO - #c.i.o.f.i.FileEditorManagerImpl - Project opening took 8481 ms
2022-06-15 19:54:27,635 [  31909]   INFO - #c.i.o.a.i.PopupMenuPreloader - Popup menu 'Code' preloaded at 'MainMenu' in 382 ms
2022-06-15 19:54:27,682 [  31956]   INFO - #c.i.o.a.i.PopupMenuPreloader - Popup menu 'Build' preloaded at 'MainMenu' in 429 ms
2022-06-15 19:54:27,824 [  32098]   INFO - #c.a.t.i.p.ProjectSystemService - DefaultProjectSystem project system has been detected
2022-06-15 19:54:27,838 [  32112]   INFO - #c.i.o.a.i.PopupMenuPreloader - Popup menu 'Refactor' preloaded at 'MainMenu' in 585 ms
2022-06-15 19:54:27,946 [  32220]   INFO - #c.i.o.a.i.PopupMenuPreloader - Popup menu 'Run' preloaded at 'MainMenu' in 693 ms
2022-06-15 19:54:27,996 [  32270]   INFO - #c.i.o.a.i.PopupMenuPreloader - Popup menu 'Window' preloaded at 'MainMenu' in 743 ms
2022-06-15 19:54:28,039 [  32313]   INFO - #c.i.o.a.i.PopupMenuPreloader - Popup menu 'Tools' preloaded at 'MainMenu' in 786 ms
2022-06-15 19:54:28,221 [  32495]   INFO - #c.i.o.a.i.PopupMenuPreloader - Popup menu 'Help' preloaded at 'MainMenu' in 967 ms
2022-06-15 19:54:28,858 [  33132]   INFO - #c.a.t.i.i.GMavenIndexRepository - Failed to refresh local disk cache:
java.net.SocketTimeoutException: connect timed out
2022-06-15 19:54:28,861 [  33135]   INFO - #c.a.t.i.i.GMavenIndexRepository - Scheduled to retry refreshing com.android.tools.idea.imports.GMavenIndexRepository after 2022-06-15 20:54:28.
2022-06-15 19:54:29,275 [  33549]   INFO - #c.i.u.i.UnindexedFilesUpdater - Scanning completed for Nowcoder. Number of scanned files: 27752; Number of files for indexing: 27411 took 6116ms; general responsiveness: ok; EDT responsiveness: 0/7 sluggish, 1/7 very slow
2022-06-15 19:54:29,279 [  33553]   INFO - #c.i.u.i.UnindexedFilesUpdater - Use 4 indexing threads for indexing of Nowcoder
2022-06-15 19:54:32,862 [  37136]   INFO - #c.a.t.i.u.SdkComponentSource - IOException: https://dl.google.com/android/repository/addons_list-2.xml
2022-06-15 19:54:32,862 [  37136]   INFO - #c.a.t.i.u.SdkComponentSource - java.net.SocketTimeoutException: connect timed out
2022-06-15 19:54:32,863 [  37137]   INFO - #c.a.t.i.u.SdkComponentSource - Downloading https://dl.google.com/android/repository/addons_list-1.xml
2022-06-15 19:54:33,990 [  38264]   WARN - #c.i.d.MemorySizeConfigurator - The IDE is not configured for using custom VM options (jb.vmOptionsFile=null)
java.io.IOException: The IDE is not configured for using custom VM options (jb.vmOptionsFile=null)
	at com.intellij.diagnostic.VMOptions.setOptions(VMOptions.java:204)
	at com.intellij.diagnostic.VMOptions.setOption(VMOptions.java:195)
	at com.intellij.diagnostic.VMOptions.setOption(VMOptions.java:177)
	at com.intellij.diagnostic.MemorySizeConfigurator.runActivity(MemorySizeConfigurator.kt:46)
	at com.intellij.ide.startup.impl.StartupManagerImpl.runStartupActivity(StartupManagerImpl.kt:311)
	at com.intellij.ide.startup.impl.StartupManagerImpl.access$runStartupActivity(StartupManagerImpl.kt:62)
	at com.intellij.ide.startup.impl.StartupManagerImpl$runBackgroundPostStartupActivities$1.run(StartupManagerImpl.kt:424)
	at com.intellij.openapi.progress.impl.CoreProgressManager.lambda$runProcess$2(CoreProgressManager.java:189)
	at com.intellij.openapi.progress.impl.CoreProgressManager.lambda$executeProcessUnderProgress$12(CoreProgressManager.java:608)
	at com.intellij.openapi.progress.impl.CoreProgressManager.registerIndicatorAndRun(CoreProgressManager.java:683)
	at com.intellij.openapi.progress.impl.CoreProgressManager.computeUnderProgress(CoreProgressManager.java:639)
	at com.intellij.openapi.progress.impl.CoreProgressManager.executeProcessUnderProgress(CoreProgressManager.java:607)
	at com.intellij.openapi.progress.impl.ProgressManagerImpl.executeProcessUnderProgress(ProgressManagerImpl.java:60)
	at com.intellij.openapi.progress.impl.CoreProgressManager.runProcess(CoreProgressManager.java:176)
	at com.intellij.openapi.progress.util.BackgroundTaskUtil.runUnderDisposeAwareIndicator(BackgroundTaskUtil.java:365)
	at com.intellij.openapi.progress.util.BackgroundTaskUtil.runUnderDisposeAwareIndicator(BackgroundTaskUtil.java:343)
	at com.intellij.ide.startup.impl.StartupManagerImpl.runBackgroundPostStartupActivities(StartupManagerImpl.kt:417)
	at com.intellij.ide.startup.impl.StartupManagerImpl.access$runBackgroundPostStartupActivities(StartupManagerImpl.kt:62)
	at com.intellij.ide.startup.impl.StartupManagerImpl$scheduleBackgroundPostStartupActivities$1.run(StartupManagerImpl.kt:404)
	at java.base/java.util.concurrent.Executors$RunnableAdapter.call(Executors.java:515)
	at java.base/java.util.concurrent.FutureTask.run(FutureTask.java:264)
	at com.intellij.util.concurrency.SchedulingWrapper$MyScheduledFutureTask.run(SchedulingWrapper.java:223)
	at java.base/java.util.concurrent.ThreadPoolExecutor.runWorker(ThreadPoolExecutor.java:1128)
	at java.base/java.util.concurrent.ThreadPoolExecutor$Worker.run(ThreadPoolExecutor.java:628)
	at java.base/java.util.concurrent.Executors$PrivilegedThreadFactory$1$1.run(Executors.java:668)
	at java.base/java.util.concurrent.Executors$PrivilegedThreadFactory$1$1.run(Executors.java:665)
	at java.base/java.security.AccessController.doPrivileged(Native Method)
	at java.base/java.util.concurrent.Executors$PrivilegedThreadFactory$1.run(Executors.java:665)
	at java.base/java.lang.Thread.run(Thread.java:829)
2022-06-15 19:54:35,341 [  39615]   INFO - #o.j.j.b.i.CompilerReferenceIndex - backward reference index version doesn't exist
2022-06-15 19:54:35,349 [  39623]   INFO - #c.i.c.b.IsUpToDateCheckStartupActivity - suitable consumer is not found
2022-06-15 19:54:35,357 [  39631]   INFO - #c.j.r.p.c.CodeWithMeCleanup - running activity to cleanup old thin clients... Root path is '/home/sun/.cache/JetBrains'. JvmStartTimeMs=1655294035250
2022-06-15 19:54:35,371 [  39645]   INFO - #c.j.r.p.c.CodeWithMeCleanup - found 0 Code With Me client system folders to check
2022-06-15 19:54:35,378 [  39652]   INFO - #c.j.r.p.c.CodeWithMeCleanup - found 0 Code With Me client config folders to check
2022-06-15 19:54:35,381 [  39655]   INFO - #c.j.r.p.c.CodeWithMeCleanup - keep only [] major versions
2022-06-15 19:54:42,875 [  47149]   INFO - #c.a.t.i.u.SdkComponentSource - IOException: https://dl.google.com/android/repository/addons_list-1.xml
2022-06-15 19:54:42,875 [  47149]   INFO - #c.a.t.i.u.SdkComponentSource - java.net.SocketTimeoutException: connect timed out
2022-06-15 19:54:42,877 [  47151]   WARN - #c.a.t.i.u.SdkComponentSource - Failed to download any source lists!
2022-06-15 19:54:42,880 [  47154]   INFO - #c.a.t.i.u.SdkComponentSource - Downloading https://dl.google.com/android/repository/repository2-2.xml
2022-06-15 19:54:42,880 [  47154]   INFO - #c.a.t.i.u.SdkComponentSource - Downloading https://dl.google.com/android/repository/repository2-1.xml
2022-06-15 19:54:47,113 [  51387]   INFO - #c.i.u.i.UnindexedFilesUpdater - Finished for Nowcoder. Unindexed files update took 17836ms; general responsiveness: ok; EDT responsiveness: ok
2022-06-15 19:54:47,125 [  51399]   INFO - #c.i.o.p.DumbServiceGuiTaskQueue - Running dumb mode task: com.android.tools.idea.res.ResourceFolderRepositoryFileCacheImpl$PruneTask@7a9e2f11
2022-06-15 19:54:47,127 [  51401]   INFO - #c.i.o.p.DumbServiceGuiTaskQueue - Running dumb mode task: com.android.tools.idea.res.ResourceFolderRepositoryFileCacheImpl$ManageLruProjectFilesTask@399da95a
2022-06-15 19:54:47,129 [  51403]   INFO - #c.i.o.p.DumbServiceImpl - updateFinished
2022-06-15 19:54:47,141 [  51415]   INFO - #c.i.u.i.ProjectFileBasedIndexStartupActivity - Has changed files: false; project=Project(name=Nowcoder, containerState=COMPONENT_CREATED, componentStore=/home/sun/IDEAlu/Nowcoder)
2022-06-15 19:54:47,203 [  51477]   INFO - c.i.s.v.a.s.d.SpaceKtsFileDetector - SpaceKtsFileDetector
2022-06-15 19:54:47,413 [  51687]   INFO - #c.i.c.CompilerWorkspaceConfiguration - Available processors: 12
2022-06-15 19:54:47,427 [  51701]   INFO - #c.i.o.p.DumbServiceGuiTaskQueue - Running dumb mode task: com.android.tools.idea.res.ResourceFolderRegistry$PopulateCachesTask@6a0248e
2022-06-15 19:54:47,431 [  51705]   INFO - #c.i.o.p.DumbServiceImpl - updateFinished
2022-06-15 19:54:47,432 [  51706]   INFO - #c.i.u.i.ProjectFileBasedIndexStartupActivity - Has changed files: false; project=Project(name=Nowcoder, containerState=COMPONENT_CREATED, componentStore=/home/sun/IDEAlu/Nowcoder)
2022-06-15 19:54:52,300 [  56574]   INFO - #c.i.v.l.d.i.VcsLogPersistentIndex - Indexing full repository in IDEAlu
2022-06-15 19:54:52,457 [  56731]   INFO - #c.i.v.l.d.i.VcsLogPersistentIndex - 158ms for indexing 6 commits in IDEAlu
2022-06-15 19:54:52,888 [  57162]   WARN - #c.a.t.i.u.SdkComponentSource - Still waiting for package manifests to be fetched remotely.
2022-06-15 19:54:52,889 [  57163]   WARN - #c.a.t.i.u.SdkComponentSource - IO exception while downloading manifest
java.net.SocketTimeoutException: connect timed out
	at java.base/java.net.PlainSocketImpl.socketConnect(Native Method)
	at java.base/java.net.AbstractPlainSocketImpl.doConnect(AbstractPlainSocketImpl.java:412)
	at java.base/java.net.AbstractPlainSocketImpl.connectToAddress(AbstractPlainSocketImpl.java:255)
	at java.base/java.net.AbstractPlainSocketImpl.connect(AbstractPlainSocketImpl.java:237)
	at java.base/java.net.SocksSocketImpl.connect(SocksSocketImpl.java:392)
	at java.base/java.net.Socket.connect(Socket.java:609)
	at java.base/sun.security.ssl.SSLSocketImpl.connect(SSLSocketImpl.java:300)
	at java.base/sun.net.NetworkClient.doConnect(NetworkClient.java:177)
	at java.base/sun.net.www.http.HttpClient.openServer(HttpClient.java:474)
	at java.base/sun.net.www.http.HttpClient.openServer(HttpClient.java:569)
	at java.base/sun.net.www.protocol.https.HttpsClient.<init>(HttpsClient.java:266)
	at java.base/sun.net.www.protocol.https.HttpsClient.New(HttpsClient.java:373)
	at java.base/sun.net.www.protocol.https.AbstractDelegateHttpsURLConnection.getNewHttpClient(AbstractDelegateHttpsURLConnection.java:203)
	at java.base/sun.net.www.protocol.http.HttpURLConnection.plainConnect0(HttpURLConnection.java:1232)
	at java.base/sun.net.www.protocol.http.HttpURLConnection.plainConnect(HttpURLConnection.java:1081)
	at java.base/sun.net.www.protocol.https.AbstractDelegateHttpsURLConnection.connect(AbstractDelegateHttpsURLConnection.java:189)
	at java.base/sun.net.www.protocol.http.HttpURLConnection.getInputStream0(HttpURLConnection.java:1592)
	at java.base/sun.net.www.protocol.http.HttpURLConnection.getInputStream(HttpURLConnection.java:1520)
	at java.base/java.net.HttpURLConnection.getResponseCode(HttpURLConnection.java:527)
	at java.base/sun.net.www.protocol.https.HttpsURLConnectionImpl.getResponseCode(HttpsURLConnectionImpl.java:334)
	at com.intellij.util.io.HttpRequests.openConnection(HttpRequests.java:608)
	at com.intellij.util.io.HttpRequests$RequestImpl.getConnection(HttpRequests.java:359)
	at com.android.tools.idea.sdk.StudioDownloader.lambda$doDownloadFully$2(StudioDownloader.java:206)
	at com.intellij.util.io.HttpRequests.doProcess(HttpRequests.java:516)
	at com.intellij.util.io.HttpRequests.process(HttpRequests.java:498)
	at com.intellij.util.io.HttpRequests$RequestBuilderImpl.connect(HttpRequests.java:333)
	at com.android.tools.idea.sdk.StudioDownloader.doDownloadFully(StudioDownloader.java:202)
	at com.android.tools.idea.sdk.StudioDownloader.downloadFully(StudioDownloader.java:139)
	at com.android.tools.idea.sdk.StudioDownloader.downloadFully(StudioDownloader.java:260)
	at com.android.tools.idea.sdk.StudioDownloader.downloadAndStream(StudioDownloader.java:129)
	at com.android.repository.impl.manager.RemoteRepoLoaderImpl.lambda$fetchPackages$0(RemoteRepoLoaderImpl.java:138)
	at java.base/java.util.concurrent.Executors$RunnableAdapter.call(Executors.java:515)
	at java.base/java.util.concurrent.FutureTask.run(FutureTask.java:264)
	at java.base/java.util.concurrent.ThreadPoolExecutor.runWorker(ThreadPoolExecutor.java:1128)
	at java.base/java.util.concurrent.ThreadPoolExecutor$Worker.run(ThreadPoolExecutor.java:628)
	at java.base/java.lang.Thread.run(Thread.java:829)
2022-06-15 19:54:53,889 [  58163]   WARN - #c.a.t.i.u.SdkComponentSource - Still waiting for package manifests to be fetched remotely.
2022-06-15 19:56:15,194 [ 139468]   WARN - #c.i.o.a.i.ActionUpdater - 313 ms to grab EDT for LoginAction#update (com.berserk112.nowcodereditor.actions.toolbar.LoginAction)
2022-06-15 19:56:15,194 [ 139468]   WARN - #c.i.o.a.i.ActionUpdater - 311 ms to grab EDT for CWMTelephonyGroup#update (com.jetbrains.rd.platform.codeWithMe.telephony.CWMTelephonyGroup)
2022-06-15 19:56:17,129 [ 141403]   WARN - #c.i.o.o.e.ConfigurableExtensionPointUtil - ignore deprecated groupId: language for id: preferences.language.Kotlin.scripting
2022-06-15 19:56:29,006 [ 153280]   INFO - #c.i.c.ComponentStoreImpl - Saving appDebuggerSettings took 26 ms
2022-06-15 19:56:30,861 [ 155135]   INFO - #c.i.a.o.PathMacrosImpl - Saved path macros: {MAVEN_REPOSITORY=/home/sun/.m2/repository}
2022-06-15 19:56:30,910 [ 155184]   INFO - #c.i.c.ComponentStoreImpl - Saving appPluginAdvertiserExtensions took 28 ms
2022-06-15 19:56:30,996 [ 155270]   WARN - #c.i.u.x.Binding - no accessors for org.jetbrains.idea.perforce.perforce.ConnectionId
2022-06-15 19:56:31,083 [ 155357]   INFO - #c.i.c.ComponentStoreImpl - Saving Project(name=Nowcoder, containerState=COMPONENT_CREATED, componentStore=/home/sun/IDEAlu/Nowcoder)ChangeListManager took 11 ms, VcsDirectoryMappings took 18 ms, XDebuggerManager took 23 ms
2022-06-15 19:56:31,314 [ 155588]   INFO - #c.j.r.f.FollowMeManager - Unregister user 0:'sun' with ClientId=ClientId(value=Host)
2022-06-15 19:56:31,374 [ 155648]   INFO - #c.i.c.b.CompilerReferenceServiceBase - backward reference index reader is closed (didn't exist)
2022-06-15 19:56:31,375 [ 155649]   INFO - #o.j.k.i.s.r.KotlinCompilerReferenceIndexStorage - KCRI storage is closed (didn't exist)
2022-06-15 19:56:31,387 [ 155661]   INFO - c.j.r.f.u.RdCoroutineScope - RdCoroutineHost has been reset
2022-06-15 19:56:31,389 [ 155663]   INFO - c.j.r.f.u.RdCoroutineScope - RdCoroutineHost disposed
2022-06-15 19:56:31,407 [ 155681]   INFO - #o.j.i.BuiltInServer - web server stopped
2022-06-15 19:56:31,465 [ 155739]   INFO - #c.j.r.f.FollowMeManager - Unregister user 0:'sun' with ClientId=ClientId(value=Host)
2022-06-15 19:56:31,467 [ 155741]   INFO - #c.i.u.i.FileBasedIndexImpl - START INDEX SHUTDOWN
2022-06-15 19:56:31,517 [ 155791]   INFO - #c.i.p.s.StubIndexImpl - StubIndexExtension-s were unloaded
2022-06-15 19:56:31,517 [ 155791]   INFO - #c.i.p.s.SerializationManagerImpl - Start shutting down /home/sun/IDEAlu/nowcoder-editor/build/idea-sandbox/system/index/rep.names
2022-06-15 19:56:31,518 [ 155792]   INFO - #c.i.p.s.SerializationManagerImpl - Finished shutting down /home/sun/IDEAlu/nowcoder-editor/build/idea-sandbox/system/index/rep.names
2022-06-15 19:56:31,583 [ 155857]   INFO - #c.i.u.i.FileBasedIndexImpl - END INDEX SHUTDOWN
2022-06-15 19:56:31,583 [ 155857]   INFO - #c.i.o.v.n.p.PersistentFSImpl - VFS dispose started
2022-06-15 19:56:31,590 [ 155864]   INFO - #c.i.o.v.n.p.PersistentFSImpl - VFS dispose completed
2022-06-15 19:56:31,591 [ 155865]   INFO - #c.i.o.f.i.FileTypeDetectionService - 81 auto-detected files. Detection took 740 ms
